0 verbose cli /usr/local/bin/node /usr/local/bin/npm
1 info using npm@10.9.2
2 info using node@v22.16.0
3 silly config load:file:/usr/local/lib/node_modules/npm/npmrc
4 silly config load:file:/Users/emanuelmatozzo/Downloads/Alquila/alquila/.npmrc
5 silly config load:file:/Users/emanuelmatozzo/.npmrc
6 silly config load:file:/usr/local/etc/npmrc
7 verbose title npm install @supabase/supabase-js
8 verbose argv "install" "@supabase/supabase-js"
9 verbose logfile logs-max:10 dir:/Users/emanuelmatozzo/Downloads/Alquila/alquila/.npm-cache/_logs/2026-03-14T15_48_13_319Z-
10 verbose logfile /Users/emanuelmatozzo/Downloads/Alquila/alquila/.npm-cache/_logs/2026-03-14T15_48_13_319Z-debug-0.log
11 silly logfile done cleaning log files
12 silly packumentCache heap:2197815296 maxSize:549453824 maxEntrySize:274726912
13 silly idealTree buildDeps
14 silly fetch manifest @supabase/supabase-js@*
15 silly packumentCache full:https://registry.npmjs.org/@supabase%2fsupabase-js cache-miss
16 verbose shrinkwrap failed to load node_modules/.package-lock.json out of date, updated: node_modules
17 http fetch GET 200 https://registry.npmjs.org/@supabase%2fsupabase-js 180ms (cache miss)
18 silly packumentCache full:https://registry.npmjs.org/@supabase%2fsupabase-js set size:undefined disposed:false
19 silly placeDep ROOT @supabase/supabase-js@2.99.1 OK for: alquila@0.1.0 want: *
20 silly fetch manifest @supabase/auth-js@2.99.1
21 silly packumentCache full:https://registry.npmjs.org/@supabase%2fauth-js cache-miss
22 silly fetch manifest @supabase/storage-js@2.99.1
23 silly packumentCache full:https://registry.npmjs.org/@supabase%2fstorage-js cache-miss
24 silly fetch manifest @supabase/realtime-js@2.99.1
25 silly packumentCache full:https://registry.npmjs.org/@supabase%2frealtime-js cache-miss
26 silly fetch manifest @supabase/functions-js@2.99.1
27 silly packumentCache full:https://registry.npmjs.org/@supabase%2ffunctions-js cache-miss
28 silly fetch manifest @supabase/postgrest-js@2.99.1
29 silly packumentCache full:https://registry.npmjs.org/@supabase%2fpostgrest-js cache-miss
30 http fetch GET 200 https://registry.npmjs.org/@supabase%2fauth-js 55ms (cache miss)
31 silly packumentCache full:https://registry.npmjs.org/@supabase%2fauth-js set size:undefined disposed:false
32 http fetch GET 200 https://registry.npmjs.org/@supabase%2ffunctions-js 110ms (cache miss)
33 silly packumentCache full:https://registry.npmjs.org/@supabase%2ffunctions-js set size:undefined disposed:false
34 http fetch GET 200 https://registry.npmjs.org/@supabase%2fpostgrest-js 115ms (cache miss)
35 silly packumentCache full:https://registry.npmjs.org/@supabase%2fpostgrest-js set size:undefined disposed:false
36 http fetch GET 200 https://registry.npmjs.org/@supabase%2frealtime-js 128ms (cache miss)
37 silly packumentCache full:https://registry.npmjs.org/@supabase%2frealtime-js set size:undefined disposed:false
38 http fetch GET 200 https://registry.npmjs.org/@supabase%2fstorage-js 132ms (cache miss)
39 silly packumentCache full:https://registry.npmjs.org/@supabase%2fstorage-js set size:undefined disposed:false
40 silly placeDep ROOT @supabase/auth-js@2.99.1 OK for: @supabase/supabase-js@2.99.1 want: 2.99.1
41 silly placeDep ROOT @supabase/functions-js@2.99.1 OK for: @supabase/supabase-js@2.99.1 want: 2.99.1
42 silly placeDep ROOT @supabase/postgrest-js@2.99.1 OK for: @supabase/supabase-js@2.99.1 want: 2.99.1
43 silly placeDep ROOT @supabase/realtime-js@2.99.1 OK for: @supabase/supabase-js@2.99.1 want: 2.99.1
44 silly placeDep ROOT @supabase/storage-js@2.99.1 OK for: @supabase/supabase-js@2.99.1 want: 2.99.1
45 silly fetch manifest ws@^8.18.2
46 silly packumentCache full:https://registry.npmjs.org/ws cache-miss
47 silly fetch manifest @types/ws@^8.18.1
48 silly packumentCache full:https://registry.npmjs.org/@types%2fws cache-miss
49 silly fetch manifest @types/phoenix@^1.6.6
50 silly packumentCache full:https://registry.npmjs.org/@types%2fphoenix cache-miss
51 silly fetch manifest iceberg-js@^0.8.1
52 silly packumentCache full:https://registry.npmjs.org/iceberg-js cache-miss
53 http fetch GET 200 https://registry.npmjs.org/iceberg-js 33ms (cache miss)
54 silly packumentCache full:https://registry.npmjs.org/iceberg-js set size:undefined disposed:false
55 http fetch GET 200 https://registry.npmjs.org/@types%2fws 43ms (cache miss)
56 silly packumentCache full:https://registry.npmjs.org/@types%2fws set size:undefined disposed:false
57 http fetch GET 200 https://registry.npmjs.org/@types%2fphoenix 50ms (cache miss)
58 silly packumentCache full:https://registry.npmjs.org/@types%2fphoenix set size:undefined disposed:false
59 http fetch GET 200 https://registry.npmjs.org/ws 55ms (cache miss)
60 silly packumentCache full:https://registry.npmjs.org/ws set size:undefined disposed:false
61 silly fetch manifest bufferutil@^4.0.1
62 silly packumentCache full:https://registry.npmjs.org/bufferutil cache-miss
63 http fetch GET 200 https://registry.npmjs.org/bufferutil 36ms (cache miss)
64 silly packumentCache full:https://registry.npmjs.org/bufferutil set size:undefined disposed:false
65 silly fetch manifest utf-8-validate@>=5.0.2
66 silly packumentCache full:https://registry.npmjs.org/utf-8-validate cache-miss
67 http fetch GET 200 https://registry.npmjs.org/utf-8-validate 34ms (cache miss)
68 silly packumentCache full:https://registry.npmjs.org/utf-8-validate set size:undefined disposed:false
69 silly placeDep ROOT @types/phoenix@1.6.7 OK for: @supabase/realtime-js@2.99.1 want: ^1.6.6
70 silly placeDep ROOT @types/ws@8.18.1 OK for: @supabase/realtime-js@2.99.1 want: ^8.18.1
71 silly placeDep ROOT ws@8.19.0 OK for: @supabase/realtime-js@2.99.1 want: ^8.18.2
72 silly placeDep ROOT iceberg-js@0.8.1 OK for: @supabase/storage-js@2.99.1 want: ^0.8.1
73 silly reify moves {}
74 verbose reify failed optional dependency /Users/emanuelmatozzo/Downloads/Alquila/alquila/node_modules/@tailwindcss/oxide-wasm32-wasi
75 silly reify mark deleted [
75 silly reify   '/Users/emanuelmatozzo/Downloads/Alquila/alquila/node_modules/@tailwindcss/oxide-wasm32-wasi'
75 silly reify ]
76 silly audit bulk request {
76 silly audit   '@alloc/quick-lru': [ '5.2.0' ],
76 silly audit   '@babel/code-frame': [ '7.29.0' ],
76 silly audit   '@babel/compat-data': [ '7.29.0' ],
76 silly audit   '@babel/core': [ '7.29.0' ],
76 silly audit   '@babel/generator': [ '7.29.1' ],
76 silly audit   '@babel/helper-compilation-targets': [ '7.28.6' ],
76 silly audit   '@babel/helper-globals': [ '7.28.0' ],
76 silly audit   '@babel/helper-module-imports': [ '7.28.6' ],
76 silly audit   '@babel/helper-module-transforms': [ '7.28.6' ],
76 silly audit   '@babel/helper-string-parser': [ '7.27.1' ],
76 silly audit   '@babel/helper-validator-identifier': [ '7.28.5' ],
76 silly audit   '@babel/helper-validator-option': [ '7.27.1' ],
76 silly audit   '@babel/helpers': [ '7.28.6' ],
76 silly audit   '@babel/parser': [ '7.29.0' ],
76 silly audit   '@babel/template': [ '7.28.6' ],
76 silly audit   '@babel/traverse': [ '7.29.0' ],
76 silly audit   '@babel/types': [ '7.29.0' ],
76 silly audit   '@emnapi/core': [ '1.9.0' ],
76 silly audit   '@emnapi/runtime': [ '1.9.0' ],
76 silly audit   '@emnapi/wasi-threads': [ '1.2.0' ],
76 silly audit   '@eslint-community/eslint-utils': [ '4.9.1' ],
76 silly audit   'eslint-visitor-keys': [ '3.4.3', '5.0.1', '4.2.1' ],
76 silly audit   '@eslint-community/regexpp': [ '4.12.2' ],
76 silly audit   '@eslint/config-array': [ '0.21.2' ],
76 silly audit   '@eslint/config-helpers': [ '0.4.2' ],
76 silly audit   '@eslint/core': [ '0.17.0' ],
76 silly audit   '@eslint/eslintrc': [ '3.3.5' ],
76 silly audit   '@eslint/js': [ '9.39.4' ],
76 silly audit   '@eslint/object-schema': [ '2.1.7' ],
76 silly audit   '@eslint/plugin-kit': [ '0.4.1' ],
76 silly audit   '@humanfs/core': [ '0.19.1' ],
76 silly audit   '@humanfs/node': [ '0.16.7' ],
76 silly audit   '@humanwhocodes/module-importer': [ '1.0.1' ],
76 silly audit   '@humanwhocodes/retry': [ '0.4.3' ],
76 silly audit   '@img/colour': [ '1.1.0' ],
76 silly audit   '@img/sharp-darwin-arm64': [ '0.34.5' ],
76 silly audit   '@img/sharp-darwin-x64': [ '0.34.5' ],
76 silly audit   '@img/sharp-libvips-darwin-arm64': [ '1.2.4' ],
76 silly audit   '@img/sharp-libvips-darwin-x64': [ '1.2.4' ],
76 silly audit   '@img/sharp-libvips-linux-arm': [ '1.2.4' ],
76 silly audit   '@img/sharp-libvips-linux-arm64': [ '1.2.4' ],
76 silly audit   '@img/sharp-libvips-linux-ppc64': [ '1.2.4' ],
76 silly audit   '@img/sharp-libvips-linux-riscv64': [ '1.2.4' ],
76 silly audit   '@img/sharp-libvips-linux-s390x': [ '1.2.4' ],
76 silly audit   '@img/sharp-libvips-linux-x64': [ '1.2.4' ],
76 silly audit   '@img/sharp-libvips-linuxmusl-arm64': [ '1.2.4' ],
76 silly audit   '@img/sharp-libvips-linuxmusl-x64': [ '1.2.4' ],
76 silly audit   '@img/sharp-linux-arm': [ '0.34.5' ],
76 silly audit   '@img/sharp-linux-arm64': [ '0.34.5' ],
76 silly audit   '@img/sharp-linux-ppc64': [ '0.34.5' ],
76 silly audit   '@img/sharp-linux-riscv64': [ '0.34.5' ],
76 silly audit   '@img/sharp-linux-s390x': [ '0.34.5' ],
76 silly audit   '@img/sharp-linux-x64': [ '0.34.5' ],
76 silly audit   '@img/sharp-linuxmusl-arm64': [ '0.34.5' ],
76 silly audit   '@img/sharp-linuxmusl-x64': [ '0.34.5' ],
76 silly audit   '@img/sharp-wasm32': [ '0.34.5' ],
76 silly audit   '@img/sharp-win32-arm64': [ '0.34.5' ],
76 silly audit   '@img/sharp-win32-ia32': [ '0.34.5' ],
76 silly audit   '@img/sharp-win32-x64': [ '0.34.5' ],
76 silly audit   '@jridgewell/gen-mapping': [ '0.3.13' ],
76 silly audit   '@jridgewell/remapping': [ '2.3.5' ],
76 silly audit   '@jridgewell/resolve-uri': [ '3.1.2' ],
76 silly audit   '@jridgewell/sourcemap-codec': [ '1.5.5' ],
76 silly audit   '@jridgewell/trace-mapping': [ '0.3.31' ],
76 silly audit   '@napi-rs/wasm-runtime': [ '0.2.12' ],
76 silly audit   '@next/env': [ '16.1.6' ],
76 silly audit   '@next/eslint-plugin-next': [ '16.1.6' ],
76 silly audit   '@next/swc-darwin-arm64': [ '16.1.6' ],
76 silly audit   '@next/swc-darwin-x64': [ '16.1.6' ],
76 silly audit   '@next/swc-linux-arm64-gnu': [ '16.1.6' ],
76 silly audit   '@next/swc-linux-arm64-musl': [ '16.1.6' ],
76 silly audit   '@next/swc-linux-x64-gnu': [ '16.1.6' ],
76 silly audit   '@next/swc-linux-x64-musl': [ '16.1.6' ],
76 silly audit   '@next/swc-win32-arm64-msvc': [ '16.1.6' ],
76 silly audit   '@next/swc-win32-x64-msvc': [ '16.1.6' ],
76 silly audit   '@nodelib/fs.scandir': [ '2.1.5' ],
76 silly audit   '@nodelib/fs.stat': [ '2.0.5' ],
76 silly audit   '@nodelib/fs.walk': [ '1.2.8' ],
76 silly audit   '@nolyfill/is-core-module': [ '1.0.39' ],
76 silly audit   '@rtsao/scc': [ '1.1.0' ],
76 silly audit   '@swc/helpers': [ '0.5.15' ],
76 silly audit   '@tailwindcss/node': [ '4.2.1' ],
76 silly audit   '@tailwindcss/oxide': [ '4.2.1' ],
76 silly audit   '@tailwindcss/oxide-android-arm64': [ '4.2.1' ],
76 silly audit   '@tailwindcss/oxide-darwin-arm64': [ '4.2.1' ],
76 silly audit   '@tailwindcss/oxide-darwin-x64': [ '4.2.1' ],
76 silly audit   '@tailwindcss/oxide-freebsd-x64': [ '4.2.1' ],
76 silly audit   '@tailwindcss/oxide-linux-arm-gnueabihf': [ '4.2.1' ],
76 silly audit   '@tailwindcss/oxide-linux-arm64-gnu': [ '4.2.1' ],
76 silly audit   '@tailwindcss/oxide-linux-arm64-musl': [ '4.2.1' ],
76 silly audit   '@tailwindcss/oxide-linux-x64-gnu': [ '4.2.1' ],
76 silly audit   '@tailwindcss/oxide-linux-x64-musl': [ '4.2.1' ],
76 silly audit   '@tailwindcss/oxide-win32-arm64-msvc': [ '4.2.1' ],
76 silly audit   '@tailwindcss/oxide-win32-x64-msvc': [ '4.2.1' ],
76 silly audit   '@tailwindcss/postcss': [ '4.2.1' ],
76 silly audit   '@tybys/wasm-util': [ '0.10.1' ],
76 silly audit   '@types/estree': [ '1.0.8' ],
76 silly audit   '@types/json-schema': [ '7.0.15' ],
76 silly audit   '@types/json5': [ '0.0.29' ],
76 silly audit   '@types/node': [ '20.19.37' ],
76 silly audit   '@types/react': [ '19.2.14' ],
76 silly audit   '@types/react-dom': [ '19.2.3' ],
76 silly audit   '@typescript-eslint/eslint-plugin': [ '8.57.0' ],
76 silly audit   ignore: [ '7.0.5', '5.3.2' ],
76 silly audit   '@typescript-eslint/parser': [ '8.57.0' ],
76 silly audit   '@typescript-eslint/project-service': [ '8.57.0' ],
76 silly audit   '@typescript-eslint/scope-manager': [ '8.57.0' ],
76 silly audit   '@typescript-eslint/tsconfig-utils': [ '8.57.0' ],
76 silly audit   '@typescript-eslint/type-utils': [ '8.57.0' ],
76 silly audit   '@typescript-eslint/types': [ '8.57.0' ],
76 silly audit   '@typescript-eslint/typescript-estree': [ '8.57.0' ],
76 silly audit   'balanced-match': [ '4.0.4', '1.0.2' ],
76 silly audit   'brace-expansion': [ '5.0.4', '1.1.12' ],
76 silly audit   minimatch: [ '10.2.4', '3.1.5' ],
76 silly audit   semver: [ '7.7.4', '6.3.1' ],
76 silly audit   '@typescript-eslint/utils': [ '8.57.0' ],
76 silly audit   '@typescript-eslint/visitor-keys': [ '8.57.0' ],
76 silly audit   '@unrs/resolver-binding-android-arm-eabi': [ '1.11.1' ],
76 silly audit   '@unrs/resolver-binding-android-arm64': [ '1.11.1' ],
76 silly audit   '@unrs/resolver-binding-darwin-arm64': [ '1.11.1' ],
76 silly audit   '@unrs/resolver-binding-darwin-x64': [ '1.11.1' ],
76 silly audit   '@unrs/resolver-binding-freebsd-x64': [ '1.11.1' ],
76 silly audit   '@unrs/resolver-binding-linux-arm-gnueabihf': [ '1.11.1' ],
76 silly audit   '@unrs/resolver-binding-linux-arm-musleabihf': [ '1.11.1' ],
76 silly audit   '@unrs/resolver-binding-linux-arm64-gnu': [ '1.11.1' ],
76 silly audit   '@unrs/resolver-binding-linux-arm64-musl': [ '1.11.1' ],
76 silly audit   '@unrs/resolver-binding-linux-ppc64-gnu': [ '1.11.1' ],
76 silly audit   '@unrs/resolver-binding-linux-riscv64-gnu': [ '1.11.1' ],
76 silly audit   '@unrs/resolver-binding-linux-riscv64-musl': [ '1.11.1' ],
76 silly audit   '@unrs/resolver-binding-linux-s390x-gnu': [ '1.11.1' ],
76 silly audit   '@unrs/resolver-binding-linux-x64-gnu': [ '1.11.1' ],
76 silly audit   '@unrs/resolver-binding-linux-x64-musl': [ '1.11.1' ],
76 silly audit   '@unrs/resolver-binding-wasm32-wasi': [ '1.11.1' ],
76 silly audit   '@unrs/resolver-binding-win32-arm64-msvc': [ '1.11.1' ],
76 silly audit   '@unrs/resolver-binding-win32-ia32-msvc': [ '1.11.1' ],
76 silly audit   '@unrs/resolver-binding-win32-x64-msvc': [ '1.11.1' ],
76 silly audit   acorn: [ '8.16.0' ],
76 silly audit   'acorn-jsx': [ '5.3.2' ],
76 silly audit   ajv: [ '6.14.0' ],
76 silly audit   'ansi-styles': [ '4.3.0' ],
76 silly audit   argparse: [ '2.0.1' ],
76 silly audit   'aria-query': [ '5.3.2' ],
76 silly audit   'array-buffer-byte-length': [ '1.0.2' ],
76 silly audit   'array-includes': [ '3.1.9' ],
76 silly audit   'array.prototype.findlast': [ '1.2.5' ],
76 silly audit   'array.prototype.findlastindex': [ '1.2.6' ],
76 silly audit   'array.prototype.flat': [ '1.3.3' ],
76 silly audit   'array.prototype.flatmap': [ '1.3.3' ],
76 silly audit   'array.prototype.tosorted': [ '1.1.4' ],
76 silly audit   'arraybuffer.prototype.slice': [ '1.0.4' ],
76 silly audit   'ast-types-flow': [ '0.0.8' ],
76 silly audit   'async-function': [ '1.0.0' ],
76 silly audit   'available-typed-arrays': [ '1.0.7' ],
76 silly audit   'axe-core': [ '4.11.1' ],
76 silly audit   'axobject-query': [ '4.1.0' ],
76 silly audit   'baseline-browser-mapping': [ '2.10.8' ],
76 silly audit   braces: [ '3.0.3' ],
76 silly audit   browserslist: [ '4.28.1' ],
76 silly audit   'call-bind': [ '1.0.8' ],
76 silly audit   'call-bind-apply-helpers': [ '1.0.2' ],
76 silly audit   'call-bound': [ '1.0.4' ],
76 silly audit   callsites: [ '3.1.0' ],
76 silly audit   'caniuse-lite': [ '1.0.30001778' ],
76 silly audit   chalk: [ '4.1.2' ],
76 silly audit   'client-only': [ '0.0.1' ],
76 silly audit   'color-convert': [ '2.0.1' ],
76 silly audit   'color-name': [ '1.1.4' ],
76 silly audit   'concat-map': [ '0.0.1' ],
76 silly audit   'convert-source-map': [ '2.0.0' ],
76 silly audit   'cross-spawn': [ '7.0.6' ],
76 silly audit   csstype: [ '3.2.3' ],
76 silly audit   'damerau-levenshtein': [ '1.0.8' ],
76 silly audit   'data-view-buffer': [ '1.0.2' ],
76 silly audit   'data-view-byte-length': [ '1.0.2' ],
76 silly audit   'data-view-byte-offset': [ '1.0.1' ],
76 silly audit   debug: [ '4.4.3', '3.2.7' ],
76 silly audit   'deep-is': [ '0.1.4' ],
76 silly audit   'define-data-property': [ '1.1.4' ],
76 silly audit   'define-properties': [ '1.2.1' ],
76 silly audit   'detect-libc': [ '2.1.2' ],
76 silly audit   doctrine: [ '2.1.0' ],
76 silly audit   'dunder-proto': [ '1.0.1' ],
76 silly audit   'electron-to-chromium': [ '1.5.313' ],
76 silly audit   'emoji-regex': [ '9.2.2' ],
76 silly audit   'enhanced-resolve': [ '5.20.0' ],
76 silly audit   'es-abstract': [ '1.24.1' ],
76 silly audit   'es-define-property': [ '1.0.1' ],
76 silly audit   'es-errors': [ '1.3.0' ],
76 silly audit   'es-iterator-helpers': [ '1.3.1' ],
76 silly audit   'es-object-atoms': [ '1.1.1' ],
76 silly audit   'es-set-tostringtag': [ '2.1.0' ],
76 silly audit   'es-shim-unscopables': [ '1.1.0' ],
76 silly audit   'es-to-primitive': [ '1.3.0' ],
76 silly audit   escalade: [ '3.2.0' ],
76 silly audit   'escape-string-regexp': [ '4.0.0' ],
76 silly audit   eslint: [ '9.39.4' ],
76 silly audit   'eslint-config-next': [ '16.1.6' ],
76 silly audit   globals: [ '16.4.0', '14.0.0' ],
76 silly audit   'eslint-import-resolver-node': [ '0.3.9' ],
76 silly audit   'eslint-import-resolver-typescript': [ '3.10.1' ],
76 silly audit   'eslint-module-utils': [ '2.12.1' ],
76 silly audit   'eslint-plugin-import': [ '2.32.0' ],
76 silly audit   'eslint-plugin-jsx-a11y': [ '6.10.2' ],
76 silly audit   'eslint-plugin-react': [ '7.37.5' ],
76 silly audit   'eslint-plugin-react-hooks': [ '7.0.1' ],
76 silly audit   resolve: [ '2.0.0-next.6', '1.22.11' ],
76 silly audit   'eslint-scope': [ '8.4.0' ],
76 silly audit   espree: [ '10.4.0' ],
76 silly audit   esquery: [ '1.7.0' ],
76 silly audit   esrecurse: [ '4.3.0' ],
76 silly audit   estraverse: [ '5.3.0' ],
76 silly audit   esutils: [ '2.0.3' ],
76 silly audit   'fast-deep-equal': [ '3.1.3' ],
76 silly audit   'fast-glob': [ '3.3.1' ],
76 silly audit   'glob-parent': [ '5.1.2', '6.0.2' ],
76 silly audit   'fast-json-stable-stringify': [ '2.1.0' ],
76 silly audit   'fast-levenshtein': [ '2.0.6' ],
76 silly audit   fastq: [ '1.20.1' ],
76 silly audit   'file-entry-cache': [ '8.0.0' ],
76 silly audit   'fill-range': [ '7.1.1' ],
76 silly audit   'find-up': [ '5.0.0' ],
76 silly audit   'flat-cache': [ '4.0.1' ],
76 silly audit   flatted: [ '3.4.1' ],
76 silly audit   'for-each': [ '0.3.5' ],
76 silly audit   'function-bind': [ '1.1.2' ],
76 silly audit   'function.prototype.name': [ '1.1.8' ],
76 silly audit   'functions-have-names': [ '1.2.3' ],
76 silly audit   'generator-function': [ '2.0.1' ],
76 silly audit   gensync: [ '1.0.0-beta.2' ],
76 silly audit   'get-intrinsic': [ '1.3.0' ],
76 silly audit   'get-proto': [ '1.0.1' ],
76 silly audit   'get-symbol-description': [ '1.1.0' ],
76 silly audit   'get-tsconfig': [ '4.13.6' ],
76 silly audit   globalthis: [ '1.0.4' ],
76 silly audit   gopd: [ '1.2.0' ],
76 silly audit   'graceful-fs': [ '4.2.11' ],
76 silly audit   'has-bigints': [ '1.1.0' ],
76 silly audit   'has-flag': [ '4.0.0' ],
76 silly audit   'has-property-descriptors': [ '1.0.2' ],
76 silly audit   'has-proto': [ '1.2.0' ],
76 silly audit   'has-symbols': [ '1.1.0' ],
76 silly audit   'has-tostringtag': [ '1.0.2' ],
76 silly audit   hasown: [ '2.0.2' ],
76 silly audit   'hermes-estree': [ '0.25.1' ],
76 silly audit   'hermes-parser': [ '0.25.1' ],
76 silly audit   'import-fresh': [ '3.3.1' ],
76 silly audit   imurmurhash: [ '0.1.4' ],
76 silly audit   'internal-slot': [ '1.1.0' ],
76 silly audit   'is-array-buffer': [ '3.0.5' ],
76 silly audit   'is-async-function': [ '2.1.1' ],
76 silly audit   'is-bigint': [ '1.1.0' ],
76 silly audit   'is-boolean-object': [ '1.2.2' ],
76 silly audit   'is-bun-module': [ '2.0.0' ],
76 silly audit   'is-callable': [ '1.2.7' ],
76 silly audit   'is-core-module': [ '2.16.1' ],
76 silly audit   'is-data-view': [ '1.0.2' ],
76 silly audit   'is-date-object': [ '1.1.0' ],
76 silly audit   'is-extglob': [ '2.1.1' ],
76 silly audit   'is-finalizationregistry': [ '1.1.1' ],
76 silly audit   'is-generator-function': [ '1.1.2' ],
76 silly audit   'is-glob': [ '4.0.3' ],
76 silly audit   'is-map': [ '2.0.3' ],
76 silly audit   'is-negative-zero': [ '2.0.3' ],
76 silly audit   'is-number': [ '7.0.0' ],
76 silly audit   'is-number-object': [ '1.1.1' ],
76 silly audit   'is-regex': [ '1.2.1' ],
76 silly audit   'is-set': [ '2.0.3' ],
76 silly audit   'is-shared-array-buffer': [ '1.0.4' ],
76 silly audit   'is-string': [ '1.1.1' ],
76 silly audit   'is-symbol': [ '1.1.1' ],
76 silly audit   'is-typed-array': [ '1.1.15' ],
76 silly audit   'is-weakmap': [ '2.0.2' ],
76 silly audit   'is-weakref': [ '1.1.1' ],
76 silly audit   'is-weakset': [ '2.0.4' ],
76 silly audit   isarray: [ '2.0.5' ],
76 silly audit   isexe: [ '2.0.0' ],
76 silly audit   'iterator.prototype': [ '1.1.5' ],
76 silly audit   jiti: [ '2.6.1' ],
76 silly audit   'js-tokens': [ '4.0.0' ],
76 silly audit   'js-yaml': [ '4.1.1' ],
76 silly audit   jsesc: [ '3.1.0' ],
76 silly audit   'json-buffer': [ '3.0.1' ],
76 silly audit   'json-schema-traverse': [ '0.4.1' ],
76 silly audit   'json-stable-stringify-without-jsonify': [ '1.0.1' ],
76 silly audit   json5: [ '2.2.3', '1.0.2' ],
76 silly audit   'jsx-ast-utils': [ '3.3.5' ],
76 silly audit   keyv: [ '4.5.4' ],
76 silly audit   'language-subtag-registry': [ '0.3.23' ],
76 silly audit   'language-tags': [ '1.0.9' ],
76 silly audit   levn: [ '0.4.1' ],
76 silly audit   lightningcss: [ '1.31.1' ],
76 silly audit   'lightningcss-android-arm64': [ '1.31.1' ],
76 silly audit   'lightningcss-darwin-arm64': [ '1.31.1' ],
76 silly audit   'lightningcss-darwin-x64': [ '1.31.1' ],
76 silly audit   'lightningcss-freebsd-x64': [ '1.31.1' ],
76 silly audit   'lightningcss-linux-arm-gnueabihf': [ '1.31.1' ],
76 silly audit   'lightningcss-linux-arm64-gnu': [ '1.31.1' ],
76 silly audit   'lightningcss-linux-arm64-musl': [ '1.31.1' ],
76 silly audit   'lightningcss-linux-x64-gnu': [ '1.31.1' ],
76 silly audit   'lightningcss-linux-x64-musl': [ '1.31.1' ],
76 silly audit   'lightningcss-win32-arm64-msvc': [ '1.31.1' ],
76 silly audit   'lightningcss-win32-x64-msvc': [ '1.31.1' ],
76 silly audit   'locate-path': [ '6.0.0' ],
76 silly audit   'lodash.merge': [ '4.6.2' ],
76 silly audit   'loose-envify': [ '1.4.0' ],
76 silly audit   'lru-cache': [ '5.1.1' ],
76 silly audit   'magic-string': [ '0.30.21' ],
76 silly audit   'math-intrinsics': [ '1.1.0' ],
76 silly audit   merge2: [ '1.4.1' ],
76 silly audit   micromatch: [ '4.0.8' ],
76 silly audit   minimist: [ '1.2.8' ],
76 silly audit   ms: [ '2.1.3' ],
76 silly audit   nanoid: [ '3.3.11' ],
76 silly audit   'napi-postinstall': [ '0.3.4' ],
76 silly audit   'natural-compare': [ '1.4.0' ],
76 silly audit   next: [ '16.1.6' ],
76 silly audit   postcss: [ '8.4.31', '8.5.8' ],
76 silly audit   'node-exports-info': [ '1.6.0' ],
76 silly audit   'node-releases': [ '2.0.36' ],
76 silly audit   'object-assign': [ '4.1.1' ],
76 silly audit   'object-inspect': [ '1.13.4' ],
76 silly audit   'object-keys': [ '1.1.1' ],
76 silly audit   'object.assign': [ '4.1.7' ],
76 silly audit   'object.entries': [ '1.1.9' ],
76 silly audit   'object.fromentries': [ '2.0.8' ],
76 silly audit   'object.groupby': [ '1.0.3' ],
76 silly audit   'object.values': [ '1.2.1' ],
76 silly audit   optionator: [ '0.9.4' ],
76 silly audit   'own-keys': [ '1.0.1' ],
76 silly audit   'p-limit': [ '3.1.0' ],
76 silly audit   'p-locate': [ '5.0.0' ],
76 silly audit   'parent-module': [ '1.0.1' ],
76 silly audit   'path-exists': [ '4.0.0' ],
76 silly audit   'path-key': [ '3.1.1' ],
76 silly audit   'path-parse': [ '1.0.7' ],
76 silly audit   picocolors: [ '1.1.1' ],
76 silly audit   picomatch: [ '2.3.1', '4.0.3' ],
76 silly audit   'possible-typed-array-names': [ '1.1.0' ],
76 silly audit   'prelude-ls': [ '1.2.1' ],
76 silly audit   'prop-types': [ '15.8.1' ],
76 silly audit   punycode: [ '2.3.1' ],
76 silly audit   'queue-microtask': [ '1.2.3' ],
76 silly audit   react: [ '19.2.3' ],
76 silly audit   'react-dom': [ '19.2.3' ],
76 silly audit   'react-is': [ '16.13.1' ],
76 silly audit   'reflect.getprototypeof': [ '1.0.10' ],
76 silly audit   'regexp.prototype.flags': [ '1.5.4' ],
76 silly audit   'resolve-from': [ '4.0.0' ],
76 silly audit   'resolve-pkg-maps': [ '1.0.0' ],
76 silly audit   reusify: [ '1.1.0' ],
76 silly audit   'run-parallel': [ '1.2.0' ],
76 silly audit   'safe-array-concat': [ '1.1.3' ],
76 silly audit   'safe-push-apply': [ '1.0.0' ],
76 silly audit   'safe-regex-test': [ '1.1.0' ],
76 silly audit   scheduler: [ '0.27.0' ],
76 silly audit   'set-function-length': [ '1.2.2' ],
76 silly audit   'set-function-name': [ '2.0.2' ],
76 silly audit   'set-proto': [ '1.0.0' ],
76 silly audit   sharp: [ '0.34.5' ],
76 silly audit   'shebang-command': [ '2.0.0' ],
76 silly audit   'shebang-regex': [ '3.0.0' ],
76 silly audit   'side-channel': [ '1.1.0' ],
76 silly audit   'side-channel-list': [ '1.0.0' ],
76 silly audit   'side-channel-map': [ '1.0.1' ],
76 silly audit   'side-channel-weakmap': [ '1.0.2' ],
76 silly audit   'source-map-js': [ '1.2.1' ],
76 silly audit   'stable-hash': [ '0.0.5' ],
76 silly audit   'stop-iteration-iterator': [ '1.1.0' ],
76 silly audit   'string.prototype.includes': [ '2.0.1' ],
76 silly audit   'string.prototype.matchall': [ '4.0.12' ],
76 silly audit   'string.prototype.repeat': [ '1.0.0' ],
76 silly audit   'string.prototype.trim': [ '1.2.10' ],
76 silly audit   'string.prototype.trimend': [ '1.0.9' ],
76 silly audit   'string.prototype.trimstart': [ '1.0.8' ],
76 silly audit   'strip-bom': [ '3.0.0' ],
76 silly audit   'strip-json-comments': [ '3.1.1' ],
76 silly audit   'styled-jsx': [ '5.1.6' ],
76 silly audit   'supports-color': [ '7.2.0' ],
76 silly audit   'supports-preserve-symlinks-flag': [ '1.0.0' ],
76 silly audit   tailwindcss: [ '4.2.1' ],
76 silly audit   tapable: [ '2.3.0' ],
76 silly audit   tinyglobby: [ '0.2.15' ],
76 silly audit   fdir: [ '6.5.0' ],
76 silly audit   'to-regex-range': [ '5.0.1' ],
76 silly audit   'ts-api-utils': [ '2.4.0' ],
76 silly audit   'tsconfig-paths': [ '3.15.0' ],
76 silly audit   tslib: [ '2.8.1' ],
76 silly audit   'type-check': [ '0.4.0' ],
76 silly audit   'typed-array-buffer': [ '1.0.3' ],
76 silly audit   'typed-array-byte-length': [ '1.0.3' ],
76 silly audit   'typed-array-byte-offset': [ '1.0.4' ],
76 silly audit   'typed-array-length': [ '1.0.7' ],
76 silly audit   typescript: [ '5.9.3' ],
76 silly audit   'typescript-eslint': [ '8.57.0' ],
76 silly audit   'unbox-primitive': [ '1.1.0' ],
76 silly audit   'undici-types': [ '6.21.0' ],
76 silly audit   'unrs-resolver': [ '1.11.1' ],
76 silly audit   'update-browserslist-db': [ '1.2.3' ],
76 silly audit   'uri-js': [ '4.4.1' ],
76 silly audit   which: [ '2.0.2' ],
76 silly audit   'which-boxed-primitive': [ '1.1.1' ],
76 silly audit   'which-builtin-type': [ '1.2.1' ],
76 silly audit   'which-collection': [ '1.0.2' ],
76 silly audit   'which-typed-array': [ '1.1.20' ],
76 silly audit   'word-wrap': [ '1.2.5' ],
76 silly audit   yallist: [ '3.1.1' ],
76 silly audit   'yocto-queue': [ '0.1.0' ],
76 silly audit   zod: [ '4.3.6' ],
76 silly audit   'zod-validation-error': [ '4.0.2' ],
76 silly audit   '@supabase/supabase-js': [ '2.99.1' ],
76 silly audit   '@supabase/auth-js': [ '2.99.1' ],
76 silly audit   '@supabase/functions-js': [ '2.99.1' ],
76 silly audit   '@supabase/postgrest-js': [ '2.99.1' ],
76 silly audit   '@supabase/realtime-js': [ '2.99.1' ],
76 silly audit   '@supabase/storage-js': [ '2.99.1' ],
76 silly audit   '@types/phoenix': [ '1.6.7' ],
76 silly audit   '@types/ws': [ '8.18.1' ],
76 silly audit   ws: [ '8.19.0' ],
76 silly audit   'iceberg-js': [ '0.8.1' ],
76 silly audit   '@tailwindcss/oxide-wasm32-wasi': [ '4.2.1' ]
76 silly audit }
77 verbose reify failed optional dependency /Users/emanuelmatozzo/Downloads/Alquila/alquila/node_modules/lightningcss-win32-x64-msvc
78 silly reify mark deleted [
78 silly reify   '/Users/emanuelmatozzo/Downloads/Alquila/alquila/node_modules/lightningcss-win32-x64-msvc'
78 silly reify ]
79 verbose reify failed optional dependency /Users/emanuelmatozzo/Downloads/Alquila/alquila/node_modules/lightningcss-win32-arm64-msvc
80 silly reify mark deleted [
80 silly reify   '/Users/emanuelmatozzo/Downloads/Alquila/alquila/node_modules/lightningcss-win32-arm64-msvc'
80 silly reify ]
81 verbose reify failed optional dependency /Users/emanuelmatozzo/Downloads/Alquila/alquila/node_modules/lightningcss-linux-x64-musl
82 silly reify mark deleted [
82 silly reify   '/Users/emanuelmatozzo/Downloads/Alquila/alquila/node_modules/lightningcss-linux-x64-musl'
82 silly reify ]
83 verbose reify failed optional dependency /Users/emanuelmatozzo/Downloads/Alquila/alquila/node_modules/lightningcss-linux-x64-gnu
84 silly reify mark deleted [
84 silly reify   '/Users/emanuelmatozzo/Downloads/Alquila/alquila/node_modules/lightningcss-linux-x64-gnu'
84 silly reify ]
85 verbose reify failed optional dependency /Users/emanuelmatozzo/Downloads/Alquila/alquila/node_modules/lightningcss-linux-arm64-musl
86 silly reify mark deleted [
86 silly reify   '/Users/emanuelmatozzo/Downloads/Alquila/alquila/node_modules/lightningcss-linux-arm64-musl'
86 silly reify ]
87 verbose reify failed optional dependency /Users/emanuelmatozzo/Downloads/Alquila/alquila/node_modules/lightningcss-linux-arm64-gnu
88 silly reify mark deleted [
88 silly reify   '/Users/emanuelmatozzo/Downloads/Alquila/alquila/node_modules/lightningcss-linux-arm64-gnu'
88 silly reify ]
89 verbose reify failed optional dependency /Users/emanuelmatozzo/Downloads/Alquila/alquila/node_modules/lightningcss-linux-arm-gnueabihf
90 silly reify mark deleted [
90 silly reify   '/Users/emanuelmatozzo/Downloads/Alquila/alquila/node_modules/lightningcss-linux-arm-gnueabihf'
90 silly reify ]
91 verbose reify failed optional dependency /Users/emanuelmatozzo/Downloads/Alquila/alquila/node_modules/lightningcss-freebsd-x64
92 silly reify mark deleted [
92 silly reify   '/Users/emanuelmatozzo/Downloads/Alquila/alquila/node_modules/lightningcss-freebsd-x64'
92 silly reify ]
93 verbose reify failed optional dependency /Users/emanuelmatozzo/Downloads/Alquila/alquila/node_modules/lightningcss-darwin-x64
94 silly reify mark deleted [
94 silly reify   '/Users/emanuelmatozzo/Downloads/Alquila/alquila/node_modules/lightningcss-darwin-x64'
94 silly reify ]
95 verbose reify failed optional dependency /Users/emanuelmatozzo/Downloads/Alquila/alquila/node_modules/lightningcss-android-arm64
96 silly reify mark deleted [
96 silly reify   '/Users/emanuelmatozzo/Downloads/Alquila/alquila/node_modules/lightningcss-android-arm64'
96 silly reify ]
97 verbose reify failed optional dependency /Users/emanuelmatozzo/Downloads/Alquila/alquila/node_modules/@unrs/resolver-binding-win32-x64-msvc
98 silly reify mark deleted [
98 silly reify   '/Users/emanuelmatozzo/Downloads/Alquila/alquila/node_modules/@unrs/resolver-binding-win32-x64-msvc'
98 silly reify ]
99 verbose reify failed optional dependency /Users/emanuelmatozzo/Downloads/Alquila/alquila/node_modules/@unrs/resolver-binding-win32-ia32-msvc
100 silly reify mark deleted [
100 silly reify   '/Users/emanuelmatozzo/Downloads/Alquila/alquila/node_modules/@unrs/resolver-binding-win32-ia32-msvc'
100 silly reify ]
101 verbose reify failed optional dependency /Users/emanuelmatozzo/Downloads/Alquila/alquila/node_modules/@unrs/resolver-binding-win32-arm64-msvc
102 silly reify mark deleted [
102 silly reify   '/Users/emanuelmatozzo/Downloads/Alquila/alquila/node_modules/@unrs/resolver-binding-win32-arm64-msvc'
102 silly reify ]
103 verbose reify failed optional dependency /Users/emanuelmatozzo/Downloads/Alquila/alquila/node_modules/@unrs/resolver-binding-wasm32-wasi
104 silly reify mark deleted [
104 silly reify   '/Users/emanuelmatozzo/Downloads/Alquila/alquila/node_modules/@unrs/resolver-binding-wasm32-wasi'
104 silly reify ]
105 verbose reify failed optional dependency /Users/emanuelmatozzo/Downloads/Alquila/alquila/node_modules/@unrs/resolver-binding-linux-x64-musl
106 silly reify mark deleted [
106 silly reify   '/Users/emanuelmatozzo/Downloads/Alquila/alquila/node_modules/@unrs/resolver-binding-linux-x64-musl'
106 silly reify ]
107 verbose reify failed optional dependency /Users/emanuelmatozzo/Downloads/Alquila/alquila/node_modules/@unrs/resolver-binding-linux-x64-gnu
108 silly reify mark deleted [
108 silly reify   '/Users/emanuelmatozzo/Downloads/Alquila/alquila/node_modules/@unrs/resolver-binding-linux-x64-gnu'
108 silly reify ]
109 verbose reify failed optional dependency /Users/emanuelmatozzo/Downloads/Alquila/alquila/node_modules/@unrs/resolver-binding-linux-s390x-gnu
110 silly reify mark deleted [
110 silly reify   '/Users/emanuelmatozzo/Downloads/Alquila/alquila/node_modules/@unrs/resolver-binding-linux-s390x-gnu'
110 silly reify ]
111 verbose reify failed optional dependency /Users/emanuelmatozzo/Downloads/Alquila/alquila/node_modules/@unrs/resolver-binding-linux-riscv64-musl
112 silly reify mark deleted [
112 silly reify   '/Users/emanuelmatozzo/Downloads/Alquila/alquila/node_modules/@unrs/resolver-binding-linux-riscv64-musl'
112 silly reify ]
113 verbose reify failed optional dependency /Users/emanuelmatozzo/Downloads/Alquila/alquila/node_modules/@unrs/resolver-binding-linux-riscv64-gnu
114 silly reify mark deleted [
114 silly reify   '/Users/emanuelmatozzo/Downloads/Alquila/alquila/node_modules/@unrs/resolver-binding-linux-riscv64-gnu'
114 silly reify ]
115 verbose reify failed optional dependency /Users/emanuelmatozzo/Downloads/Alquila/alquila/node_modules/@unrs/resolver-binding-linux-ppc64-gnu
116 silly reify mark deleted [
116 silly reify   '/Users/emanuelmatozzo/Downloads/Alquila/alquila/node_modules/@unrs/resolver-binding-linux-ppc64-gnu'
116 silly reify ]
117 verbose reify failed optional dependency /Users/emanuelmatozzo/Downloads/Alquila/alquila/node_modules/@unrs/resolver-binding-linux-arm64-musl
118 silly reify mark deleted [
118 silly reify   '/Users/emanuelmatozzo/Downloads/Alquila/alquila/node_modules/@unrs/resolver-binding-linux-arm64-musl'
118 silly reify ]
119 verbose reify failed optional dependency /Users/emanuelmatozzo/Downloads/Alquila/alquila/node_modules/@unrs/resolver-binding-linux-arm64-gnu
120 silly reify mark deleted [
120 silly reify   '/Users/emanuelmatozzo/Downloads/Alquila/alquila/node_modules/@unrs/resolver-binding-linux-arm64-gnu'
120 silly reify ]
121 verbose reify failed optional dependency /Users/emanuelmatozzo/Downloads/Alquila/alquila/node_modules/@unrs/resolver-binding-linux-arm-musleabihf
122 silly reify mark deleted [
122 silly reify   '/Users/emanuelmatozzo/Downloads/Alquila/alquila/node_modules/@unrs/resolver-binding-linux-arm-musleabihf'
122 silly reify ]
123 verbose reify failed optional dependency /Users/emanuelmatozzo/Downloads/Alquila/alquila/node_modules/@unrs/resolver-binding-linux-arm-gnueabihf
124 silly reify mark deleted [
124 silly reify   '/Users/emanuelmatozzo/Downloads/Alquila/alquila/node_modules/@unrs/resolver-binding-linux-arm-gnueabihf'
124 silly reify ]
125 verbose reify failed optional dependency /Users/emanuelmatozzo/Downloads/Alquila/alquila/node_modules/@unrs/resolver-binding-freebsd-x64
126 silly reify mark deleted [
126 silly reify   '/Users/emanuelmatozzo/Downloads/Alquila/alquila/node_modules/@unrs/resolver-binding-freebsd-x64'
126 silly reify ]
127 verbose reify failed optional dependency /Users/emanuelmatozzo/Downloads/Alquila/alquila/node_modules/@unrs/resolver-binding-darwin-x64
128 silly reify mark deleted [
128 silly reify   '/Users/emanuelmatozzo/Downloads/Alquila/alquila/node_modules/@unrs/resolver-binding-darwin-x64'
128 silly reify ]
129 verbose reify failed optional dependency /Users/emanuelmatozzo/Downloads/Alquila/alquila/node_modules/@unrs/resolver-binding-android-arm64
130 silly reify mark deleted [
130 silly reify   '/Users/emanuelmatozzo/Downloads/Alquila/alquila/node_modules/@unrs/resolver-binding-android-arm64'
130 silly reify ]
131 verbose reify failed optional dependency /Users/emanuelmatozzo/Downloads/Alquila/alquila/node_modules/@unrs/resolver-binding-android-arm-eabi
132 silly reify mark deleted [
132 silly reify   '/Users/emanuelmatozzo/Downloads/Alquila/alquila/node_modules/@unrs/resolver-binding-android-arm-eabi'
132 silly reify ]
133 verbose reify failed optional dependency /Users/emanuelmatozzo/Downloads/Alquila/alquila/node_modules/@tailwindcss/oxide-win32-x64-msvc
134 silly reify mark deleted [
134 silly reify   '/Users/emanuelmatozzo/Downloads/Alquila/alquila/node_modules/@tailwindcss/oxide-win32-x64-msvc'
134 silly reify ]
135 verbose reify failed optional dependency /Users/emanuelmatozzo/Downloads/Alquila/alquila/node_modules/@tailwindcss/oxide-win32-arm64-msvc
136 silly reify mark deleted [
136 silly reify   '/Users/emanuelmatozzo/Downloads/Alquila/alquila/node_modules/@tailwindcss/oxide-win32-arm64-msvc'
136 silly reify ]
137 verbose reify failed optional dependency /Users/emanuelmatozzo/Downloads/Alquila/alquila/node_modules/@tailwindcss/oxide-linux-x64-musl
138 silly reify mark deleted [
138 silly reify   '/Users/emanuelmatozzo/Downloads/Alquila/alquila/node_modules/@tailwindcss/oxide-linux-x64-musl'
138 silly reify ]
139 verbose reify failed optional dependency /Users/emanuelmatozzo/Downloads/Alquila/alquila/node_modules/@tailwindcss/oxide-linux-x64-gnu
140 silly reify mark deleted [
140 silly reify   '/Users/emanuelmatozzo/Downloads/Alquila/alquila/node_modules/@tailwindcss/oxide-linux-x64-gnu'
140 silly reify ]
141 verbose reify failed optional dependency /Users/emanuelmatozzo/Downloads/Alquila/alquila/node_modules/@tailwindcss/oxide-linux-arm64-musl
142 silly reify mark deleted [
142 silly reify   '/Users/emanuelmatozzo/Downloads/Alquila/alquila/node_modules/@tailwindcss/oxide-linux-arm64-musl'
142 silly reify ]
143 verbose reify failed optional dependency /Users/emanuelmatozzo/Downloads/Alquila/alquila/node_modules/@tailwindcss/oxide-linux-arm64-gnu
144 silly reify mark deleted [
144 silly reify   '/Users/emanuelmatozzo/Downloads/Alquila/alquila/node_modules/@tailwindcss/oxide-linux-arm64-gnu'
144 silly reify ]
145 verbose reify failed optional dependency /Users/emanuelmatozzo/Downloads/Alquila/alquila/node_modules/@tailwindcss/oxide-linux-arm-gnueabihf
146 silly reify mark deleted [
146 silly reify   '/Users/emanuelmatozzo/Downloads/Alquila/alquila/node_modules/@tailwindcss/oxide-linux-arm-gnueabihf'
146 silly reify ]
147 verbose reify failed optional dependency /Users/emanuelmatozzo/Downloads/Alquila/alquila/node_modules/@tailwindcss/oxide-freebsd-x64
148 silly reify mark deleted [
148 silly reify   '/Users/emanuelmatozzo/Downloads/Alquila/alquila/node_modules/@tailwindcss/oxide-freebsd-x64'
148 silly reify ]
149 verbose reify failed optional dependency /Users/emanuelmatozzo/Downloads/Alquila/alquila/node_modules/@tailwindcss/oxide-darwin-x64
150 silly reify mark deleted [
150 silly reify   '/Users/emanuelmatozzo/Downloads/Alquila/alquila/node_modules/@tailwindcss/oxide-darwin-x64'
150 silly reify ]
151 verbose reify failed optional dependency /Users/emanuelmatozzo/Downloads/Alquila/alquila/node_modules/@tailwindcss/oxide-android-arm64
152 silly reify mark deleted [
152 silly reify   '/Users/emanuelmatozzo/Downloads/Alquila/alquila/node_modules/@tailwindcss/oxide-android-arm64'
152 silly reify ]
153 verbose reify failed optional dependency /Users/emanuelmatozzo/Downloads/Alquila/alquila/node_modules/@next/swc-win32-x64-msvc
154 silly reify mark deleted [
154 silly reify   '/Users/emanuelmatozzo/Downloads/Alquila/alquila/node_modules/@next/swc-win32-x64-msvc'
154 silly reify ]
155 verbose reify failed optional dependency /Users/emanuelmatozzo/Downloads/Alquila/alquila/node_modules/@next/swc-win32-arm64-msvc
156 silly reify mark deleted [
156 silly reify   '/Users/emanuelmatozzo/Downloads/Alquila/alquila/node_modules/@next/swc-win32-arm64-msvc'
156 silly reify ]
157 verbose reify failed optional dependency /Users/emanuelmatozzo/Downloads/Alquila/alquila/node_modules/@next/swc-linux-x64-musl
158 silly reify mark deleted [
158 silly reify   '/Users/emanuelmatozzo/Downloads/Alquila/alquila/node_modules/@next/swc-linux-x64-musl'
158 silly reify ]
159 verbose reify failed optional dependency /Users/emanuelmatozzo/Downloads/Alquila/alquila/node_modules/@next/swc-linux-x64-gnu
160 silly reify mark deleted [
160 silly reify   '/Users/emanuelmatozzo/Downloads/Alquila/alquila/node_modules/@next/swc-linux-x64-gnu'
160 silly reify ]
161 verbose reify failed optional dependency /Users/emanuelmatozzo/Downloads/Alquila/alquila/node_modules/@next/swc-linux-arm64-musl
162 silly reify mark deleted [
162 silly reify   '/Users/emanuelmatozzo/Downloads/Alquila/alquila/node_modules/@next/swc-linux-arm64-musl'
162 silly reify ]
163 verbose reify failed optional dependency /Users/emanuelmatozzo/Downloads/Alquila/alquila/node_modules/@next/swc-linux-arm64-gnu
164 silly reify mark deleted [
164 silly reify   '/Users/emanuelmatozzo/Downloads/Alquila/alquila/node_modules/@next/swc-linux-arm64-gnu'
164 silly reify ]
165 verbose reify failed optional dependency /Users/emanuelmatozzo/Downloads/Alquila/alquila/node_modules/@next/swc-darwin-x64
166 silly reify mark deleted [
166 silly reify   '/Users/emanuelmatozzo/Downloads/Alquila/alquila/node_modules/@next/swc-darwin-x64'
166 silly reify ]
167 verbose reify failed optional dependency /Users/emanuelmatozzo/Downloads/Alquila/alquila/node_modules/@img/sharp-win32-x64
168 silly reify mark deleted [
168 silly reify   '/Users/emanuelmatozzo/Downloads/Alquila/alquila/node_modules/@img/sharp-win32-x64'
168 silly reify ]
169 verbose reify failed optional dependency /Users/emanuelmatozzo/Downloads/Alquila/alquila/node_modules/@img/sharp-win32-ia32
170 silly reify mark deleted [
170 silly reify   '/Users/emanuelmatozzo/Downloads/Alquila/alquila/node_modules/@img/sharp-win32-ia32'
170 silly reify ]
171 verbose reify failed optional dependency /Users/emanuelmatozzo/Downloads/Alquila/alquila/node_modules/@img/sharp-win32-arm64
172 silly reify mark deleted [
172 silly reify   '/Users/emanuelmatozzo/Downloads/Alquila/alquila/node_modules/@img/sharp-win32-arm64'
172 silly reify ]
173 verbose reify failed optional dependency /Users/emanuelmatozzo/Downloads/Alquila/alquila/node_modules/@img/sharp-wasm32
174 silly reify mark deleted [
174 silly reify   '/Users/emanuelmatozzo/Downloads/Alquila/alquila/node_modules/@img/sharp-wasm32'
174 silly reify ]
175 verbose reify failed optional dependency /Users/emanuelmatozzo/Downloads/Alquila/alquila/node_modules/@img/sharp-linuxmusl-x64
176 silly reify mark deleted [
176 silly reify   '/Users/emanuelmatozzo/Downloads/Alquila/alquila/node_modules/@img/sharp-linuxmusl-x64'
176 silly reify ]
177 verbose reify failed optional dependency /Users/emanuelmatozzo/Downloads/Alquila/alquila/node_modules/@img/sharp-linuxmusl-arm64
178 silly reify mark deleted [
178 silly reify   '/Users/emanuelmatozzo/Downloads/Alquila/alquila/node_modules/@img/sharp-linuxmusl-arm64'
178 silly reify ]
179 verbose reify failed optional dependency /Users/emanuelmatozzo/Downloads/Alquila/alquila/node_modules/@img/sharp-linux-x64
180 silly reify mark deleted [
180 silly reify   '/Users/emanuelmatozzo/Downloads/Alquila/alquila/node_modules/@img/sharp-linux-x64'
180 silly reify ]
181 verbose reify failed optional dependency /Users/emanuelmatozzo/Downloads/Alquila/alquila/node_modules/@img/sharp-linux-s390x
182 silly reify mark deleted [
182 silly reify   '/Users/emanuelmatozzo/Downloads/Alquila/alquila/node_modules/@img/sharp-linux-s390x'
182 silly reify ]
183 verbose reify failed optional dependency /Users/emanuelmatozzo/Downloads/Alquila/alquila/node_modules/@img/sharp-linux-riscv64
184 silly reify mark deleted [
184 silly reify   '/Users/emanuelmatozzo/Downloads/Alquila/alquila/node_modules/@img/sharp-linux-riscv64'
184 silly reify ]
185 verbose reify failed optional dependency /Users/emanuelmatozzo/Downloads/Alquila/alquila/node_modules/@img/sharp-linux-ppc64
186 silly reify mark deleted [
186 silly reify   '/Users/emanuelmatozzo/Downloads/Alquila/alquila/node_modules/@img/sharp-linux-ppc64'
186 silly reify ]
187 verbose reify failed optional dependency /Users/emanuelmatozzo/Downloads/Alquila/alquila/node_modules/@img/sharp-linux-arm64
188 silly reify mark deleted [
188 silly reify   '/Users/emanuelmatozzo/Downloads/Alquila/alquila/node_modules/@img/sharp-linux-arm64'
188 silly reify ]
189 verbose reify failed optional dependency /Users/emanuelmatozzo/Downloads/Alquila/alquila/node_modules/@img/sharp-linux-arm
190 silly reify mark deleted [
190 silly reify   '/Users/emanuelmatozzo/Downloads/Alquila/alquila/node_modules/@img/sharp-linux-arm'
190 silly reify ]
191 verbose reify failed optional dependency /Users/emanuelmatozzo/Downloads/Alquila/alquila/node_modules/@img/sharp-libvips-linuxmusl-x64
192 silly reify mark deleted [
192 silly reify   '/Users/emanuelmatozzo/Downloads/Alquila/alquila/node_modules/@img/sharp-libvips-linuxmusl-x64'
192 silly reify ]
193 verbose reify failed optional dependency /Users/emanuelmatozzo/Downloads/Alquila/alquila/node_modules/@img/sharp-libvips-linuxmusl-arm64
194 silly reify mark deleted [
194 silly reify   '/Users/emanuelmatozzo/Downloads/Alquila/alquila/node_modules/@img/sharp-libvips-linuxmusl-arm64'
194 silly reify ]
195 verbose reify failed optional dependency /Users/emanuelmatozzo/Downloads/Alquila/alquila/node_modules/@img/sharp-libvips-linux-x64
196 silly reify mark deleted [
196 silly reify   '/Users/emanuelmatozzo/Downloads/Alquila/alquila/node_modules/@img/sharp-libvips-linux-x64'
196 silly reify ]
197 verbose reify failed optional dependency /Users/emanuelmatozzo/Downloads/Alquila/alquila/node_modules/@img/sharp-libvips-linux-s390x
198 silly reify mark deleted [
198 silly reify   '/Users/emanuelmatozzo/Downloads/Alquila/alquila/node_modules/@img/sharp-libvips-linux-s390x'
198 silly reify ]
199 verbose reify failed optional dependency /Users/emanuelmatozzo/Downloads/Alquila/alquila/node_modules/@img/sharp-libvips-linux-riscv64
200 silly reify mark deleted [
200 silly reify   '/Users/emanuelmatozzo/Downloads/Alquila/alquila/node_modules/@img/sharp-libvips-linux-riscv64'
200 silly reify ]
201 verbose reify failed optional dependency /Users/emanuelmatozzo/Downloads/Alquila/alquila/node_modules/@img/sharp-libvips-linux-ppc64
202 silly reify mark deleted [
202 silly reify   '/Users/emanuelmatozzo/Downloads/Alquila/alquila/node_modules/@img/sharp-libvips-linux-ppc64'
202 silly reify ]
203 verbose reify failed optional dependency /Users/emanuelmatozzo/Downloads/Alquila/alquila/node_modules/@img/sharp-libvips-linux-arm64
204 silly reify mark deleted [
204 silly reify   '/Users/emanuelmatozzo/Downloads/Alquila/alquila/node_modules/@img/sharp-libvips-linux-arm64'
204 silly reify ]
205 verbose reify failed optional dependency /Users/emanuelmatozzo/Downloads/Alquila/alquila/node_modules/@img/sharp-libvips-linux-arm
206 silly reify mark deleted [
206 silly reify   '/Users/emanuelmatozzo/Downloads/Alquila/alquila/node_modules/@img/sharp-libvips-linux-arm'
206 silly reify ]
207 verbose reify failed optional dependency /Users/emanuelmatozzo/Downloads/Alquila/alquila/node_modules/@img/sharp-libvips-darwin-x64
208 silly reify mark deleted [
208 silly reify   '/Users/emanuelmatozzo/Downloads/Alquila/alquila/node_modules/@img/sharp-libvips-darwin-x64'
208 silly reify ]
209 verbose reify failed optional dependency /Users/emanuelmatozzo/Downloads/Alquila/alquila/node_modules/@img/sharp-darwin-x64
210 silly reify mark deleted [
210 silly reify   '/Users/emanuelmatozzo/Downloads/Alquila/alquila/node_modules/@img/sharp-darwin-x64'
210 silly reify ]
211 http cache ws@https://registry.npmjs.org/ws/-/ws-8.19.0.tgz 0ms (cache hit)
212 http cache @types/ws@https://registry.npmjs.org/@types/ws/-/ws-8.18.1.tgz 0ms (cache hit)
213 http cache @types/phoenix@https://registry.npmjs.org/@types/phoenix/-/phoenix-1.6.7.tgz 0ms (cache hit)
214 http cache @supabase/postgrest-js@https://registry.npmjs.org/@supabase/postgrest-js/-/postgrest-js-2.99.1.tgz 0ms (cache hit)
215 http cache @supabase/realtime-js@https://registry.npmjs.org/@supabase/realtime-js/-/realtime-js-2.99.1.tgz 0ms (cache hit)
216 http cache @supabase/functions-js@https://registry.npmjs.org/@supabase/functions-js/-/functions-js-2.99.1.tgz 0ms (cache hit)
217 http cache @supabase/storage-js@https://registry.npmjs.org/@supabase/storage-js/-/storage-js-2.99.1.tgz 0ms (cache hit)
218 http cache @supabase/auth-js@https://registry.npmjs.org/@supabase/auth-js/-/auth-js-2.99.1.tgz 0ms (cache hit)
219 http cache @supabase/supabase-js@https://registry.npmjs.org/@supabase/supabase-js/-/supabase-js-2.99.1.tgz 0ms (cache hit)
220 http cache iceberg-js@https://registry.npmjs.org/iceberg-js/-/iceberg-js-0.8.1.tgz 0ms (cache hit)
221 silly tarball no local data for ws@https://registry.npmjs.org/ws/-/ws-8.19.0.tgz. Extracting by manifest.
222 silly tarball no local data for @types/ws@https://registry.npmjs.org/@types/ws/-/ws-8.18.1.tgz. Extracting by manifest.
223 silly tarball no local data for @types/phoenix@https://registry.npmjs.org/@types/phoenix/-/phoenix-1.6.7.tgz. Extracting by manifest.
224 silly tarball no local data for @supabase/postgrest-js@https://registry.npmjs.org/@supabase/postgrest-js/-/postgrest-js-2.99.1.tgz. Extracting by manifest.
225 silly tarball no local data for @supabase/realtime-js@https://registry.npmjs.org/@supabase/realtime-js/-/realtime-js-2.99.1.tgz. Extracting by manifest.
226 silly tarball no local data for @supabase/functions-js@https://registry.npmjs.org/@supabase/functions-js/-/functions-js-2.99.1.tgz. Extracting by manifest.
227 silly tarball no local data for @supabase/storage-js@https://registry.npmjs.org/@supabase/storage-js/-/storage-js-2.99.1.tgz. Extracting by manifest.
228 silly tarball no local data for @supabase/auth-js@https://registry.npmjs.org/@supabase/auth-js/-/auth-js-2.99.1.tgz. Extracting by manifest.
229 silly tarball no local data for @supabase/supabase-js@https://registry.npmjs.org/@supabase/supabase-js/-/supabase-js-2.99.1.tgz. Extracting by manifest.
230 silly tarball no local data for iceberg-js@https://registry.npmjs.org/iceberg-js/-/iceberg-js-0.8.1.tgz. Extracting by manifest.
231 http fetch GET 200 https://registry.npmjs.org/@types/phoenix/-/phoenix-1.6.7.tgz 55ms (cache miss)
232 http fetch GET 200 https://registry.npmjs.org/@types/ws/-/ws-8.18.1.tgz 56ms (cache miss)
233 http fetch GET 200 https://registry.npmjs.org/ws/-/ws-8.19.0.tgz 64ms (cache miss)
234 http fetch GET 200 https://registry.npmjs.org/@supabase/postgrest-js/-/postgrest-js-2.99.1.tgz 65ms (cache miss)
235 http fetch GET 200 https://registry.npmjs.org/iceberg-js/-/iceberg-js-0.8.1.tgz 83ms (cache miss)
236 http fetch GET 200 https://registry.npmjs.org/@supabase/functions-js/-/functions-js-2.99.1.tgz 119ms (cache miss)
237 http fetch GET 200 https://registry.npmjs.org/@supabase/supabase-js/-/supabase-js-2.99.1.tgz 121ms (cache miss)
238 http fetch GET 200 https://registry.npmjs.org/@supabase/realtime-js/-/realtime-js-2.99.1.tgz 129ms (cache miss)
239 http fetch GET 200 https://registry.npmjs.org/@supabase/storage-js/-/storage-js-2.99.1.tgz 131ms (cache miss)
240 http fetch POST 200 https://registry.npmjs.org/-/npm/v1/security/advisories/bulk 186ms
241 silly audit report {}
242 http fetch GET 200 https://registry.npmjs.org/@supabase/auth-js/-/auth-js-2.99.1.tgz 198ms (cache miss)
243 silly ADD node_modules/iceberg-js
244 silly ADD node_modules/ws
245 silly ADD node_modules/@types/ws
246 silly ADD node_modules/@types/phoenix
247 silly ADD node_modules/@supabase/storage-js
248 silly ADD node_modules/@supabase/realtime-js
249 silly ADD node_modules/@supabase/postgrest-js
250 silly ADD node_modules/@supabase/functions-js
251 silly ADD node_modules/@supabase/auth-js
252 silly ADD node_modules/@supabase/supabase-js
253 silly ADD
254 silly ADD
255 silly ADD
256 silly ADD
257 silly ADD
258 silly ADD
259 silly ADD
260 silly ADD
261 silly ADD
262 silly ADD
263 silly ADD
264 silly ADD
265 silly ADD
266 silly ADD
267 silly ADD
268 silly ADD
269 silly ADD
270 silly ADD
271 silly ADD
272 silly ADD
273 silly ADD
274 silly ADD
275 silly ADD
276 silly ADD
277 silly ADD
278 silly ADD
279 silly ADD
280 silly ADD
281 silly ADD
282 silly ADD
283 silly ADD
284 silly ADD
285 silly ADD
286 silly ADD
287 silly ADD
288 silly ADD
289 silly ADD
290 silly ADD
291 silly ADD
292 silly ADD
293 silly ADD
294 silly ADD
295 silly ADD
296 silly ADD
297 silly ADD
298 silly ADD
299 silly ADD
300 silly ADD
301 silly ADD
302 silly ADD
303 silly ADD
304 silly ADD
305 silly ADD
306 silly ADD
307 silly ADD
308 silly ADD
309 silly ADD
310 silly ADD
311 silly ADD
312 silly ADD
313 silly ADD
314 silly ADD
315 silly ADD
316 silly ADD
317 silly ADD
318 silly ADD
319 silly ADD
320 silly ADD
321 verbose cwd /Users/emanuelmatozzo/Downloads/Alquila/alquila
322 verbose os Darwin 25.3.0
323 verbose node v22.16.0
324 verbose npm  v10.9.2
325 verbose exit 0
326 info ok
